[ 2013-02-05T09:47:15+08:00 ] 127.0.0.1 /tp-coupon/index.php
NOTIC: [8] Use of undefined constant MODULE_NAME - assumed 'MODULE_NAME' D:\AppServ\www\TP-COUPON\Conf\Home\config.php 第 48 行.
INFO: [ app_begin ] --START--
INFO: Run ReadHtmlCache Behavior [ RunTime:0.001667s ]
INFO: Run CheckLang Behavior [ RunTime:0.022780s ]
INFO: [ app_begin ] --END-- [ RunTime:0.024649s ]
SQL: SHOW COLUMNS FROM `dbs_coupon_code` [ RunTime:0.160451s ]
SQL: SHOW COLUMNS FROM `dbs_coupon_code_mall` [ RunTime:0.069811s ]
SQL: SELECT COUNT(*) AS c_count FROM dbs_coupon_code AS c LEFT JOIN dbs_coupon_code_mall AS m ON m.id=c.m_id WHERE c.is_active=1 LIMIT 1 [ RunTime:0.024445s ]
SQL: SELECT c.*, m.logo FROM dbs_coupon_code AS c LEFT JOIN dbs_coupon_code_mall AS m ON m.id=c.m_id WHERE c.is_active=1 ORDER BY c.sort_order ASC, c.c_id DESC, c.expiry DESC LIMIT 0,20 [ RunTime:0.000747s ]
NOTIC: [8] Undefined variable: domain D:\AppServ\www\TP-COUPON\Common\common.php 第 103 行.
NOTIC: [8] Undefined variable: vars D:\AppServ\www\TP-COUPON\Common\common.php 第 119 行.
NOTIC: [8] Undefined variable: vars D:\AppServ\www\TP-COUPON\Common\common.php 第 121 行.
NOTIC: [8] Undefined variable: domain D:\AppServ\www\TP-COUPON\Common\common.php 第 186 行.
NOTIC: [8] Undefined index:  N9 D:\AppServ\www\TP-COUPON\Lib\ORG\Page.class.php 第 159 行.
NOTIC: [8] Undefined index:  N10 D:\AppServ\www\TP-COUPON\Lib\ORG\Page.class.php 第 166 行.
NOTIC: [8] Undefined variable: B1 D:\AppServ\www\TP-COUPON\Lib\ORG\Page.class.php 第 209 行.
SQL: SHOW COLUMNS FROM `dbs_friend_link` [ RunTime:0.004723s ]
SQL: SELECT * FROM `dbs_friend_link`  [ RunTime:0.001922s ]

[ 2013-02-05T09:50:17+08:00 ] 127.0.0.1 /tp-coupon/index.php
NOTIC: [8] Use of undefined constant MODULE_NAME - assumed 'MODULE_NAME' D:\AppServ\www\TP-COUPON\Conf\Home\config.php 第 48 行.
INFO: [ app_begin ] --START--
INFO: Run ReadHtmlCache Behavior [ RunTime:0.001168s ]
INFO: Run CheckLang Behavior [ RunTime:0.001286s ]
INFO: [ app_begin ] --END-- [ RunTime:0.002610s ]
SQL: SHOW COLUMNS FROM `dbs_coupon_code` [ RunTime:0.002717s ]
SQL: SHOW COLUMNS FROM `dbs_coupon_code_mall` [ RunTime:0.003385s ]
SQL: SELECT COUNT(*) AS c_count FROM dbs_coupon_code AS c LEFT JOIN dbs_coupon_code_mall AS m ON m.id=c.m_id WHERE c.is_active=1 LIMIT 1 [ RunTime:0.001088s ]
SQL: SELECT c.*, m.logo FROM dbs_coupon_code AS c LEFT JOIN dbs_coupon_code_mall AS m ON m.id=c.m_id WHERE c.is_active=1 ORDER BY c.sort_order ASC, c.c_id DESC, c.expiry DESC LIMIT 0,20 [ RunTime:0.000169s ]
NOTIC: [8] Undefined variable: domain D:\AppServ\www\TP-COUPON\Common\common.php 第 103 行.
NOTIC: [8] Undefined variable: vars D:\AppServ\www\TP-COUPON\Common\common.php 第 119 行.
NOTIC: [8] Undefined variable: vars D:\AppServ\www\TP-COUPON\Common\common.php 第 121 行.
NOTIC: [8] Undefined variable: domain D:\AppServ\www\TP-COUPON\Common\common.php 第 186 行.
NOTIC: [8] Undefined index:  N9 D:\AppServ\www\TP-COUPON\Lib\ORG\Page.class.php 第 159 行.
NOTIC: [8] Undefined index:  N10 D:\AppServ\www\TP-COUPON\Lib\ORG\Page.class.php 第 166 行.
NOTIC: [8] Undefined variable: B1 D:\AppServ\www\TP-COUPON\Lib\ORG\Page.class.php 第 209 行.
SQL: SHOW COLUMNS FROM `dbs_friend_link` [ RunTime:0.002592s ]
SQL: SELECT * FROM `dbs_friend_link`  [ RunTime:0.001905s ]
NOTIC: [2] ob_start() [<a href='ref.outcontrol'>ref.outcontrol</a>]: output handler 'ob_gzhandler' cannot be used twice D:\AppServ\www\TP-COUPON\Lib\Action\CommonAction.class.php 第 64 行.
INFO: [ view_template ] --START--
INFO: Run LocationTemplate Behavior [ RunTime:0.055977s ]
INFO: [ view_template ] --END-- [ RunTime:0.056096s ]
INFO: [ view_parse ] --START--
NOTIC: [8] Undefined variable: domain D:\AppServ\www\TP-COUPON\Common\common.php 第 103 行.
NOTIC: [8] Undefined variable: vars D:\AppServ\www\TP-COUPON\Common\common.php 第 119 行.
NOTIC: [8] Undefined variable: vars D:\AppServ\www\TP-COUPON\Common\common.php 第 121 行.
NOTIC: [8] Undefined variable: domain D:\AppServ\www\TP-COUPON\Common\common.php 第 186 行.
SQL: SHOW COLUMNS FROM `dbs_coupon_code_mall` [ RunTime:0.002866s ]
SQL: SELECT `id`,`name` FROM `dbs_coupon_code_mall` ORDER BY weeksearched DESC LIMIT 10   [ RunTime:0.001003s ]
NOTIC: [8] Undefined variable: domain D:\AppServ\www\TP-COUPON\Common\common.php 第 103 行.
NOTIC: [8] Undefined variable: vars D:\AppServ\www\TP-COUPON\Common\common.php 第 119 行.
NOTIC: [8] Undefined variable: vars D:\AppServ\www\TP-COUPON\Common\common.php 第 121 行.
NOTIC: [8] Undefined variable: domain D:\AppServ\www\TP-COUPON\Common\common.php 第 186 行.
NOTIC: [8] Undefined variable: domain D:\AppServ\www\TP-COUPON\Common\common.php 第 103 行.
NOTIC: [8] Undefined variable: vars D:\AppServ\www\TP-COUPON\Common\common.php 第 119 行.
NOTIC: [8] Undefined variable: vars D:\AppServ\www\TP-COUPON\Common\common.php 第 121 行.
NOTIC: [8] Undefined variable: domain D:\AppServ\www\TP-COUPON\Common\common.php 第 186 行.
NOTIC: [8] Undefined variable: domain D:\AppServ\www\TP-COUPON\Common\common.php 第 103 行.
NOTIC: [8] Undefined variable: vars D:\AppServ\www\TP-COUPON\Common\common.php 第 119 行.
NOTIC: [8] Undefined variable: vars D:\AppServ\www\TP-COUPON\Common\common.php 第 121 行.
NOTIC: [8] Undefined variable: domain D:\AppServ\www\TP-COUPON\Common\common.php 第 186 行.
NOTIC: [8] Undefined variable: domain D:\AppServ\www\TP-COUPON\Common\common.php 第 103 行.
NOTIC: [8] Undefined variable: vars D:\AppServ\www\TP-COUPON\Common\common.php 第 119 行.
NOTIC: [8] Undefined variable: vars D:\AppServ\www\TP-COUPON\Common\common.php 第 121 行.
NOTIC: [8] Undefined variable: domain D:\AppServ\www\TP-COUPON\Common\common.php 第 186 行.
NOTIC: [8] Undefined variable: domain D:\AppServ\www\TP-COUPON\Common\common.php 第 103 行.
NOTIC: [8] Undefined variable: vars D:\AppServ\www\TP-COUPON\Common\common.php 第 119 行.
NOTIC: [8] Undefined variable: vars D:\AppServ\www\TP-COUPON\Common\common.php 第 121 行.
NOTIC: [8] Undefined variable: domain D:\AppServ\www\TP-COUPON\Common\common.php 第 186 行.
NOTIC: [8] Undefined variable: domain D:\AppServ\www\TP-COUPON\Common\common.php 第 103 行.
NOTIC: [8] Undefined variable: vars D:\AppServ\www\TP-COUPON\Common\common.php 第 119 行.
NOTIC: [8] Undefined variable: vars D:\AppServ\www\TP-COUPON\Common\common.php 第 121 行.
NOTIC: [8] Undefined variable: domain D:\AppServ\www\TP-COUPON\Common\common.php 第 186 行.
NOTIC: [8] Undefined variable: domain D:\AppServ\www\TP-COUPON\Common\common.php 第 103 行.
NOTIC: [8] Undefined variable: vars D:\AppServ\www\TP-COUPON\Common\common.php 第 119 行.
NOTIC: [8] Undefined variable: vars D:\AppServ\www\TP-COUPON\Common\common.php 第 121 行.
NOTIC: [8] Undefined variable: domain D:\AppServ\www\TP-COUPON\Common\common.php 第 186 行.
NOTIC: [8] Undefined variable: domain D:\AppServ\www\TP-COUPON\Common\common.php 第 103 行.
NOTIC: [8] Undefined variable: vars D:\AppServ\www\TP-COUPON\Common\common.php 第 119 行.
NOTIC: [8] Undefined variable: vars D:\AppServ\www\TP-COUPON\Common\common.php 第 121 行.
NOTIC: [8] Undefined variable: domain D:\AppServ\www\TP-COUPON\Common\common.php 第 186 行.
SQL: SHOW COLUMNS FROM `dbs_coupon_code_category` [ RunTime:0.044009s ]
SQL: SELECT * FROM `dbs_coupon_code_category` ORDER BY sort_order ASC  [ RunTime:0.001220s ]
NOTIC: [2] Invalid argument supplied for foreach() D:\AppServ\www\TP-COUPON\Lib\Service\CouponCodeCategoryService.class.php 第 51 行.
NOTIC: [8] Undefined offset:  0 D:\AppServ\www\TP-COUPON\Lib\ORG\Tree.class.php 第 66 行.
NOTIC: [8] Undefined offset:  0 D:\AppServ\www\TP-COUPON\Lib\ORG\Tree.class.php 第 81 行.
NOTIC: [8] Undefined offset:  0 D:\AppServ\www\TP-COUPON\Lib\ORG\Tree.class.php 第 89 行.
NOTIC: [8] Undefined offset:  0 D:\AppServ\www\TP-COUPON\Lib\ORG\Tree.class.php 第 85 行.
SQL: SHOW COLUMNS FROM `dbs_coupon_mall_rec` [ RunTime:0.056807s ]
SQL: SHOW COLUMNS FROM `dbs_coupon_code_mall` [ RunTime:0.003463s ]
SQL: SELECT dbs_coupon_mall_rec.*,m.name,m.logo FROM `dbs_coupon_mall_rec` LEFT JOIN dbs_coupon_code_mall AS m ON m.id=dbs_coupon_mall_rec.c_id ORDER BY dbs_coupon_mall_rec.sort_order ASC  [ RunTime:0.000981s ]
NOTIC: [2] Invalid argument supplied for foreach() D:\AppServ\www\TP-COUPON\Lib\Service\CouponCodeMallRecsService.class.php 第 42 行.
NOTIC: [8] Undefined variable: domain D:\AppServ\www\TP-COUPON\Common\common.php 第 103 行.
NOTIC: [8] Undefined variable: vars D:\AppServ\www\TP-COUPON\Common\common.php 第 119 行.
NOTIC: [8] Undefined variable: vars D:\AppServ\www\TP-COUPON\Common\common.php 第 121 行.
NOTIC: [8] Undefined variable: domain D:\AppServ\www\TP-COUPON\Common\common.php 第 186 行.
SQL: SHOW COLUMNS FROM `dbs_coupon_code_best` [ RunTime:0.040923s ]
SQL: SHOW COLUMNS FROM `dbs_coupon_code` [ RunTime:0.005093s ]
SQL: SELECT cb.c_id,c.m_id,c.title,c.c_type,c.m_name,c.money_max,c.money_reduce,c.money_amount,m.logo FROM dbs_coupon_code_best AS cb LEFT JOIN dbs_coupon_code AS c ON c.c_id=cb.c_id LEFT JOIN dbs_coupon_code_mall AS m ON m.id=c.m_id WHERE ( cb.expiry>='1359964800' ) ORDER BY cb.sort_order ASC, c.expiry DESC LIMIT 10   [ RunTime:0.001280s ]
SQL: SHOW COLUMNS FROM `dbs_coupon_code_data` [ RunTime:0.028818s ]
SQL: SELECT cd.c_id,c.title,c.c_type,c.m_name,c.money_max,c.money_reduce,c.money_amount,c.fetched_amount,m.logo FROM dbs_coupon_code_data AS cd LEFT JOIN dbs_coupon_code AS c ON c.c_id=cd.c_id LEFT JOIN dbs_coupon_code_mall AS m ON m.id=c.m_id WHERE c.is_active=1 AND weekfetched>0 ORDER BY weekfetched DESC, c.expiry DESC LIMIT 10 [ RunTime:0.002403s ]
SQL: SHOW COLUMNS FROM `dbs_coupon_code_codes` [ RunTime:0.044575s ]
SQL: SELECT c_id,fetch_time,user_id,nick FROM (SELECT c_id,fetch_time,user_id,nick FROM dbs_coupon_code_codes WHERE user_id>0 ORDER BY fetch_time DESC) `temp` GROUP BY c_id ORDER BY fetch_time DESC LIMIT 10 [ RunTime:0.019364s ]
NOTIC: [8] Undefined variable: domain D:\AppServ\www\TP-COUPON\Common\common.php 第 103 行.
NOTIC: [8] Undefined variable: vars D:\AppServ\www\TP-COUPON\Common\common.php 第 119 行.
NOTIC: [8] Undefined variable: vars D:\AppServ\www\TP-COUPON\Common\common.php 第 121 行.
NOTIC: [8] Undefined variable: domain D:\AppServ\www\TP-COUPON\Common\common.php 第 186 行.
SQL: SELECT c.*, m.logo FROM dbs_coupon_code AS c LEFT JOIN dbs_coupon_code_mall AS m ON m.id=c.m_id WHERE c.is_active=1 ORDER BY c.c_id DESC,c.expiry DESC LIMIT 10 [ RunTime:0.000255s ]
SQL: SELECT `id`,`name` FROM `dbs_coupon_code_mall` ORDER BY weeksearched DESC LIMIT 20   [ RunTime:0.000130s ]
INFO: Run ParseTemplate Behavior [ RunTime:0.596722s ]
INFO: [ view_parse ] --END-- [ RunTime:0.596842s ]
INFO: [ view_filter ] --START--
INFO: Run ContentReplace Behavior [ RunTime:0.029028s ]
INFO: Run TokenBuild Behavior [ RunTime:0.009719s ]
INFO: Run WriteHtmlCache Behavior [ RunTime:0.001897s ]
INFO: Run ShowRuntime Behavior [ RunTime:0.010592s ]
INFO: [ view_filter ] --END-- [ RunTime:0.051533s ]
INFO: [ view_end ] --START--
INFO: Run ShowPageTrace Behavior [ RunTime:0.002310s ]
INFO: [ view_end ] --END-- [ RunTime:0.002396s ]

[ 2013-02-05T09:50:55+08:00 ] 127.0.0.1 /tp-coupon/index.php?m=Article&a=links
NOTIC: [8] Use of undefined constant MODULE_NAME - assumed 'MODULE_NAME' D:\AppServ\www\TP-COUPON\Conf\Home\config.php 第 48 行.
INFO: [ app_begin ] --START--
INFO: Run ReadHtmlCache Behavior [ RunTime:0.001186s ]
INFO: Run CheckLang Behavior [ RunTime:0.001274s ]
INFO: [ app_begin ] --END-- [ RunTime:0.002609s ]
SQL: SHOW COLUMNS FROM `dbs_friend_link` [ RunTime:0.002416s ]
SQL: SELECT * FROM `dbs_friend_link`  [ RunTime:0.001058s ]
NOTIC: [2] ob_start() [<a href='ref.outcontrol'>ref.outcontrol</a>]: output handler 'ob_gzhandler' cannot be used twice D:\AppServ\www\TP-COUPON\Lib\Action\CommonAction.class.php 第 64 行.
INFO: [ view_template ] --START--
INFO: Run LocationTemplate Behavior [ RunTime:0.014542s ]
INFO: [ view_template ] --END-- [ RunTime:0.014666s ]
INFO: [ view_parse ] --START--
NOTIC: [8] Undefined variable: domain D:\AppServ\www\TP-COUPON\Common\common.php 第 103 行.
NOTIC: [8] Undefined variable: vars D:\AppServ\www\TP-COUPON\Common\common.php 第 119 行.
NOTIC: [8] Undefined variable: vars D:\AppServ\www\TP-COUPON\Common\common.php 第 121 行.
NOTIC: [8] Undefined variable: domain D:\AppServ\www\TP-COUPON\Common\common.php 第 186 行.
SQL: SHOW COLUMNS FROM `dbs_coupon_code_mall` [ RunTime:0.017553s ]
SQL: SELECT `id`,`name` FROM `dbs_coupon_code_mall` ORDER BY weeksearched DESC LIMIT 10   [ RunTime:0.001415s ]
NOTIC: [8] Undefined variable: domain D:\AppServ\www\TP-COUPON\Common\common.php 第 103 行.
NOTIC: [8] Undefined variable: vars D:\AppServ\www\TP-COUPON\Common\common.php 第 119 行.
NOTIC: [8] Undefined variable: vars D:\AppServ\www\TP-COUPON\Common\common.php 第 121 行.
NOTIC: [8] Undefined variable: domain D:\AppServ\www\TP-COUPON\Common\common.php 第 186 行.
NOTIC: [8] Undefined variable: domain D:\AppServ\www\TP-COUPON\Common\common.php 第 103 行.
NOTIC: [8] Undefined variable: vars D:\AppServ\www\TP-COUPON\Common\common.php 第 119 行.
NOTIC: [8] Undefined variable: vars D:\AppServ\www\TP-COUPON\Common\common.php 第 121 行.
NOTIC: [8] Undefined variable: domain D:\AppServ\www\TP-COUPON\Common\common.php 第 186 行.
NOTIC: [8] Undefined variable: domain D:\AppServ\www\TP-COUPON\Common\common.php 第 103 行.
NOTIC: [8] Undefined variable: vars D:\AppServ\www\TP-COUPON\Common\common.php 第 119 行.
NOTIC: [8] Undefined variable: vars D:\AppServ\www\TP-COUPON\Common\common.php 第 121 行.
NOTIC: [8] Undefined variable: domain D:\AppServ\www\TP-COUPON\Common\common.php 第 186 行.
NOTIC: [8] Undefined variable: domain D:\AppServ\www\TP-COUPON\Common\common.php 第 103 行.
NOTIC: [8] Undefined variable: vars D:\AppServ\www\TP-COUPON\Common\common.php 第 119 行.
NOTIC: [8] Undefined variable: vars D:\AppServ\www\TP-COUPON\Common\common.php 第 121 行.
NOTIC: [8] Undefined variable: domain D:\AppServ\www\TP-COUPON\Common\common.php 第 186 行.
NOTIC: [8] Undefined variable: domain D:\AppServ\www\TP-COUPON\Common\common.php 第 103 行.
NOTIC: [8] Undefined variable: vars D:\AppServ\www\TP-COUPON\Common\common.php 第 119 行.
NOTIC: [8] Undefined variable: vars D:\AppServ\www\TP-COUPON\Common\common.php 第 121 行.
NOTIC: [8] Undefined variable: domain D:\AppServ\www\TP-COUPON\Common\common.php 第 186 行.
NOTIC: [8] Undefined variable: domain D:\AppServ\www\TP-COUPON\Common\common.php 第 103 行.
NOTIC: [8] Undefined variable: vars D:\AppServ\www\TP-COUPON\Common\common.php 第 119 行.
NOTIC: [8] Undefined variable: vars D:\AppServ\www\TP-COUPON\Common\common.php 第 121 行.
NOTIC: [8] Undefined variable: domain D:\AppServ\www\TP-COUPON\Common\common.php 第 186 行.
NOTIC: [8] Undefined variable: domain D:\AppServ\www\TP-COUPON\Common\common.php 第 103 行.
NOTIC: [8] Undefined variable: vars D:\AppServ\www\TP-COUPON\Common\common.php 第 119 行.
NOTIC: [8] Undefined variable: vars D:\AppServ\www\TP-COUPON\Common\common.php 第 121 行.
NOTIC: [8] Undefined variable: domain D:\AppServ\www\TP-COUPON\Common\common.php 第 186 行.
NOTIC: [8] Undefined variable: domain D:\AppServ\www\TP-COUPON\Common\common.php 第 103 行.
NOTIC: [8] Undefined variable: vars D:\AppServ\www\TP-COUPON\Common\common.php 第 119 行.
NOTIC: [8] Undefined variable: vars D:\AppServ\www\TP-COUPON\Common\common.php 第 121 行.
NOTIC: [8] Undefined variable: domain D:\AppServ\www\TP-COUPON\Common\common.php 第 186 行.
INFO: Run ParseTemplate Behavior [ RunTime:0.088011s ]
INFO: [ view_parse ] --END-- [ RunTime:0.088145s ]
INFO: [ view_filter ] --START--
INFO: Run ContentReplace Behavior [ RunTime:0.001108s ]
INFO: Run TokenBuild Behavior [ RunTime:0.001188s ]
INFO: Run WriteHtmlCache Behavior [ RunTime:0.000839s ]
INFO: Run ShowRuntime Behavior [ RunTime:0.001087s ]
INFO: [ view_filter ] --END-- [ RunTime:0.004446s ]
INFO: [ view_end ] --START--
INFO: Run ShowPageTrace Behavior [ RunTime:0.001201s ]
INFO: [ view_end ] --END-- [ RunTime:0.001280s ]

[ 2013-02-05T09:51:00+08:00 ] 127.0.0.1 /tp-coupon/index.php?m=Article&a=links
NOTIC: [8] Use of undefined constant MODULE_NAME - assumed 'MODULE_NAME' D:\AppServ\www\TP-COUPON\Conf\Home\config.php 第 48 行.
INFO: [ app_begin ] --START--
INFO: Run ReadHtmlCache Behavior [ RunTime:0.000629s ]
INFO: Run CheckLang Behavior [ RunTime:0.000778s ]
INFO: [ app_begin ] --END-- [ RunTime:0.001556s ]
SQL: SHOW COLUMNS FROM `dbs_friend_link` [ RunTime:0.019207s ]
SQL: SELECT * FROM `dbs_friend_link`  [ RunTime:0.001374s ]
NOTIC: [2] ob_start() [<a href='ref.outcontrol'>ref.outcontrol</a>]: output handler 'ob_gzhandler' cannot be used twice D:\AppServ\www\TP-COUPON\Lib\Action\CommonAction.class.php 第 64 行.
INFO: [ view_template ] --START--
INFO: Run LocationTemplate Behavior [ RunTime:0.000593s ]
INFO: [ view_template ] --END-- [ RunTime:0.000698s ]
INFO: [ view_parse ] --START--
NOTIC: [8] Undefined variable: domain D:\AppServ\www\TP-COUPON\Common\common.php 第 103 行.
NOTIC: [8] Undefined variable: vars D:\AppServ\www\TP-COUPON\Common\common.php 第 119 行.
NOTIC: [8] Undefined variable: vars D:\AppServ\www\TP-COUPON\Common\common.php 第 121 行.
NOTIC: [8] Undefined variable: domain D:\AppServ\www\TP-COUPON\Common\common.php 第 186 行.
SQL: SHOW COLUMNS FROM `dbs_coupon_code_mall` [ RunTime:0.007509s ]
SQL: SELECT `id`,`name` FROM `dbs_coupon_code_mall` ORDER BY weeksearched DESC LIMIT 10   [ RunTime:0.000987s ]
NOTIC: [8] Undefined variable: domain D:\AppServ\www\TP-COUPON\Common\common.php 第 103 行.
NOTIC: [8] Undefined variable: vars D:\AppServ\www\TP-COUPON\Common\common.php 第 119 行.
NOTIC: [8] Undefined variable: vars D:\AppServ\www\TP-COUPON\Common\common.php 第 121 行.
NOTIC: [8] Undefined variable: domain D:\AppServ\www\TP-COUPON\Common\common.php 第 186 行.
NOTIC: [8] Undefined variable: domain D:\AppServ\www\TP-COUPON\Common\common.php 第 103 行.
NOTIC: [8] Undefined variable: vars D:\AppServ\www\TP-COUPON\Common\common.php 第 119 行.
NOTIC: [8] Undefined variable: vars D:\AppServ\www\TP-COUPON\Common\common.php 第 121 行.
NOTIC: [8] Undefined variable: domain D:\AppServ\www\TP-COUPON\Common\common.php 第 186 行.
NOTIC: [8] Undefined variable: domain D:\AppServ\www\TP-COUPON\Common\common.php 第 103 行.
NOTIC: [8] Undefined variable: vars D:\AppServ\www\TP-COUPON\Common\common.php 第 119 行.
NOTIC: [8] Undefined variable: vars D:\AppServ\www\TP-COUPON\Common\common.php 第 121 行.
NOTIC: [8] Undefined variable: domain D:\AppServ\www\TP-COUPON\Common\common.php 第 186 行.
NOTIC: [8] Undefined variable: domain D:\AppServ\www\TP-COUPON\Common\common.php 第 103 行.
NOTIC: [8] Undefined variable: vars D:\AppServ\www\TP-COUPON\Common\common.php 第 119 行.
NOTIC: [8] Undefined variable: vars D:\AppServ\www\TP-COUPON\Common\common.php 第 121 行.
NOTIC: [8] Undefined variable: domain D:\AppServ\www\TP-COUPON\Common\common.php 第 186 行.
NOTIC: [8] Undefined variable: domain D:\AppServ\www\TP-COUPON\Common\common.php 第 103 行.
NOTIC: [8] Undefined variable: vars D:\AppServ\www\TP-COUPON\Common\common.php 第 119 行.
NOTIC: [8] Undefined variable: vars D:\AppServ\www\TP-COUPON\Common\common.php 第 121 行.
NOTIC: [8] Undefined variable: domain D:\AppServ\www\TP-COUPON\Common\common.php 第 186 行.
NOTIC: [8] Undefined variable: domain D:\AppServ\www\TP-COUPON\Common\common.php 第 103 行.
NOTIC: [8] Undefined variable: vars D:\AppServ\www\TP-COUPON\Common\common.php 第 119 行.
NOTIC: [8] Undefined variable: vars D:\AppServ\www\TP-COUPON\Common\common.php 第 121 行.
NOTIC: [8] Undefined variable: domain D:\AppServ\www\TP-COUPON\Common\common.php 第 186 行.
NOTIC: [8] Undefined variable: domain D:\AppServ\www\TP-COUPON\Common\common.php 第 103 行.
NOTIC: [8] Undefined variable: vars D:\AppServ\www\TP-COUPON\Common\common.php 第 119 行.
NOTIC: [8] Undefined variable: vars D:\AppServ\www\TP-COUPON\Common\common.php 第 121 行.
NOTIC: [8] Undefined variable: domain D:\AppServ\www\TP-COUPON\Common\common.php 第 186 行.
NOTIC: [8] Undefined variable: domain D:\AppServ\www\TP-COUPON\Common\common.php 第 103 行.
NOTIC: [8] Undefined variable: vars D:\AppServ\www\TP-COUPON\Common\common.php 第 119 行.
NOTIC: [8] Undefined variable: vars D:\AppServ\www\TP-COUPON\Common\common.php 第 121 行.
NOTIC: [8] Undefined variable: domain D:\AppServ\www\TP-COUPON\Common\common.php 第 186 行.
INFO: Run ParseTemplate Behavior [ RunTime:0.016377s ]
INFO: [ view_parse ] --END-- [ RunTime:0.016487s ]
INFO: [ view_filter ] --START--
INFO: Run ContentReplace Behavior [ RunTime:0.000526s ]
INFO: Run TokenBuild Behavior [ RunTime:0.000517s ]
INFO: Run WriteHtmlCache Behavior [ RunTime:0.000272s ]
INFO: Run ShowRuntime Behavior [ RunTime:0.000906s ]
INFO: [ view_filter ] --END-- [ RunTime:0.002462s ]
INFO: [ view_end ] --START--
INFO: Run ShowPageTrace Behavior [ RunTime:0.000742s ]
INFO: [ view_end ] --END-- [ RunTime:0.000834s ]

[ 2013-02-05T09:52:10+08:00 ] 127.0.0.1 /tp-coupon/index.php
NOTIC: [8] Use of undefined constant MODULE_NAME - assumed 'MODULE_NAME' D:\AppServ\www\TP-COUPON\Conf\Home\config.php 第 48 行.
INFO: [ app_begin ] --START--
INFO: Run ReadHtmlCache Behavior [ RunTime:0.001439s ]
INFO: Run CheckLang Behavior [ RunTime:0.000941s ]
INFO: [ app_begin ] --END-- [ RunTime:0.002571s ]
SQL: SHOW COLUMNS FROM `dbs_coupon_code` [ RunTime:0.003003s ]
SQL: SHOW COLUMNS FROM `dbs_coupon_code_mall` [ RunTime:0.003800s ]
SQL: SELECT COUNT(*) AS c_count FROM dbs_coupon_code AS c LEFT JOIN dbs_coupon_code_mall AS m ON m.id=c.m_id WHERE c.is_active=1 LIMIT 1 [ RunTime:0.001782s ]
SQL: SELECT c.*, m.logo FROM dbs_coupon_code AS c LEFT JOIN dbs_coupon_code_mall AS m ON m.id=c.m_id WHERE c.is_active=1 ORDER BY c.sort_order ASC, c.c_id DESC, c.expiry DESC LIMIT 0,20 [ RunTime:0.000183s ]
NOTIC: [8] Undefined variable: domain D:\AppServ\www\TP-COUPON\Common\common.php 第 103 行.
NOTIC: [8] Undefined variable: vars D:\AppServ\www\TP-COUPON\Common\common.php 第 119 行.
NOTIC: [8] Undefined variable: vars D:\AppServ\www\TP-COUPON\Common\common.php 第 121 行.
NOTIC: [8] Undefined variable: domain D:\AppServ\www\TP-COUPON\Common\common.php 第 186 行.
NOTIC: [8] Undefined index:  N9 D:\AppServ\www\TP-COUPON\Lib\ORG\Page.class.php 第 159 行.
NOTIC: [8] Undefined index:  N10 D:\AppServ\www\TP-COUPON\Lib\ORG\Page.class.php 第 166 行.
NOTIC: [8] Undefined variable: B1 D:\AppServ\www\TP-COUPON\Lib\ORG\Page.class.php 第 209 行.
SQL: SHOW COLUMNS FROM `dbs_friend_link` [ RunTime:0.002489s ]
SQL: SELECT * FROM `dbs_friend_link`  [ RunTime:0.001111s ]
NOTIC: [2] ob_start() [<a href='ref.outcontrol'>ref.outcontrol</a>]: output handler 'ob_gzhandler' cannot be used twice D:\AppServ\www\TP-COUPON\Lib\Action\CommonAction.class.php 第 64 行.
INFO: [ view_template ] --START--
INFO: Run LocationTemplate Behavior [ RunTime:0.001164s ]
INFO: [ view_template ] --END-- [ RunTime:0.001251s ]
INFO: [ view_parse ] --START--
NOTIC: [8] Undefined variable: domain D:\AppServ\www\TP-COUPON\Common\common.php 第 103 行.
NOTIC: [8] Undefined variable: vars D:\AppServ\www\TP-COUPON\Common\common.php 第 119 行.
NOTIC: [8] Undefined variable: vars D:\AppServ\www\TP-COUPON\Common\common.php 第 121 行.
NOTIC: [8] Undefined variable: domain D:\AppServ\www\TP-COUPON\Common\common.php 第 186 行.
SQL: SHOW COLUMNS FROM `dbs_coupon_code_mall` [ RunTime:0.003260s ]
SQL: SELECT `id`,`name` FROM `dbs_coupon_code_mall` ORDER BY weeksearched DESC LIMIT 10   [ RunTime:0.001108s ]
NOTIC: [8] Undefined variable: domain D:\AppServ\www\TP-COUPON\Common\common.php 第 103 行.
NOTIC: [8] Undefined variable: vars D:\AppServ\www\TP-COUPON\Common\common.php 第 119 行.
NOTIC: [8] Undefined variable: vars D:\AppServ\www\TP-COUPON\Common\common.php 第 121 行.
NOTIC: [8] Undefined variable: domain D:\AppServ\www\TP-COUPON\Common\common.php 第 186 行.
NOTIC: [8] Undefined variable: domain D:\AppServ\www\TP-COUPON\Common\common.php 第 103 行.
NOTIC: [8] Undefined variable: vars D:\AppServ\www\TP-COUPON\Common\common.php 第 119 行.
NOTIC: [8] Undefined variable: vars D:\AppServ\www\TP-COUPON\Common\common.php 第 121 行.
NOTIC: [8] Undefined variable: domain D:\AppServ\www\TP-COUPON\Common\common.php 第 186 行.
NOTIC: [8] Undefined variable: domain D:\AppServ\www\TP-COUPON\Common\common.php 第 103 行.
NOTIC: [8] Undefined variable: vars D:\AppServ\www\TP-COUPON\Common\common.php 第 119 行.
NOTIC: [8] Undefined variable: vars D:\AppServ\www\TP-COUPON\Common\common.php 第 121 行.
NOTIC: [8] Undefined variable: domain D:\AppServ\www\TP-COUPON\Common\common.php 第 186 行.
NOTIC: [8] Undefined variable: domain D:\AppServ\www\TP-COUPON\Common\common.php 第 103 行.
NOTIC: [8] Undefined variable: vars D:\AppServ\www\TP-COUPON\Common\common.php 第 119 行.
NOTIC: [8] Undefined variable: vars D:\AppServ\www\TP-COUPON\Common\common.php 第 121 行.
NOTIC: [8] Undefined variable: domain D:\AppServ\www\TP-COUPON\Common\common.php 第 186 行.
NOTIC: [8] Undefined variable: domain D:\AppServ\www\TP-COUPON\Common\common.php 第 103 行.
NOTIC: [8] Undefined variable: vars D:\AppServ\www\TP-COUPON\Common\common.php 第 119 行.
NOTIC: [8] Undefined variable: vars D:\AppServ\www\TP-COUPON\Common\common.php 第 121 行.
NOTIC: [8] Undefined variable: domain D:\AppServ\www\TP-COUPON\Common\common.php 第 186 行.
NOTIC: [8] Undefined variable: domain D:\AppServ\www\TP-COUPON\Common\common.php 第 103 行.
NOTIC: [8] Undefined variable: vars D:\AppServ\www\TP-COUPON\Common\common.php 第 119 行.
NOTIC: [8] Undefined variable: vars D:\AppServ\www\TP-COUPON\Common\common.php 第 121 行.
NOTIC: [8] Undefined variable: domain D:\AppServ\www\TP-COUPON\Common\common.php 第 186 行.
NOTIC: [8] Undefined variable: domain D:\AppServ\www\TP-COUPON\Common\common.php 第 103 行.
NOTIC: [8] Undefined variable: vars D:\AppServ\www\TP-COUPON\Common\common.php 第 119 行.
NOTIC: [8] Undefined variable: vars D:\AppServ\www\TP-COUPON\Common\common.php 第 121 行.
NOTIC: [8] Undefined variable: domain D:\AppServ\www\TP-COUPON\Common\common.php 第 186 行.
NOTIC: [8] Undefined variable: domain D:\AppServ\www\TP-COUPON\Common\common.php 第 103 行.
NOTIC: [8] Undefined variable: vars D:\AppServ\www\TP-COUPON\Common\common.php 第 119 行.
NOTIC: [8] Undefined variable: vars D:\AppServ\www\TP-COUPON\Common\common.php 第 121 行.
NOTIC: [8] Undefined variable: domain D:\AppServ\www\TP-COUPON\Common\common.php 第 186 行.
SQL: SHOW COLUMNS FROM `dbs_coupon_code_category` [ RunTime:0.002478s ]
SQL: SELECT * FROM `dbs_coupon_code_category` ORDER BY sort_order ASC  [ RunTime:0.001046s ]
NOTIC: [2] Invalid argument supplied for foreach() D:\AppServ\www\TP-COUPON\Lib\Service\CouponCodeCategoryService.class.php 第 51 行.
NOTIC: [8] Undefined offset:  0 D:\AppServ\www\TP-COUPON\Lib\ORG\Tree.class.php 第 66 行.
NOTIC: [8] Undefined offset:  0 D:\AppServ\www\TP-COUPON\Lib\ORG\Tree.class.php 第 81 行.
NOTIC: [8] Undefined offset:  0 D:\AppServ\www\TP-COUPON\Lib\ORG\Tree.class.php 第 89 行.
NOTIC: [8] Undefined offset:  0 D:\AppServ\www\TP-COUPON\Lib\ORG\Tree.class.php 第 85 行.
SQL: SHOW COLUMNS FROM `dbs_coupon_mall_rec` [ RunTime:0.002819s ]
SQL: SHOW COLUMNS FROM `dbs_coupon_code_mall` [ RunTime:0.004116s ]
SQL: SELECT dbs_coupon_mall_rec.*,m.name,m.logo FROM `dbs_coupon_mall_rec` LEFT JOIN dbs_coupon_code_mall AS m ON m.id=dbs_coupon_mall_rec.c_id ORDER BY dbs_coupon_mall_rec.sort_order ASC  [ RunTime:0.000984s ]
NOTIC: [2] Invalid argument supplied for foreach() D:\AppServ\www\TP-COUPON\Lib\Service\CouponCodeMallRecsService.class.php 第 42 行.
NOTIC: [8] Undefined variable: domain D:\AppServ\www\TP-COUPON\Common\common.php 第 103 行.
NOTIC: [8] Undefined variable: vars D:\AppServ\www\TP-COUPON\Common\common.php 第 119 行.
NOTIC: [8] Undefined variable: vars D:\AppServ\www\TP-COUPON\Common\common.php 第 121 行.
NOTIC: [8] Undefined variable: domain D:\AppServ\www\TP-COUPON\Common\common.php 第 186 行.
SQL: SHOW COLUMNS FROM `dbs_coupon_code_best` [ RunTime:0.002309s ]
SQL: SHOW COLUMNS FROM `dbs_coupon_code` [ RunTime:0.003797s ]
SQL: SELECT cb.c_id,c.m_id,c.title,c.c_type,c.m_name,c.money_max,c.money_reduce,c.money_amount,m.logo FROM dbs_coupon_code_best AS cb LEFT JOIN dbs_coupon_code AS c ON c.c_id=cb.c_id LEFT JOIN dbs_coupon_code_mall AS m ON m.id=c.m_id WHERE ( cb.expiry>='1359964800' ) ORDER BY cb.sort_order ASC, c.expiry DESC LIMIT 10   [ RunTime:0.001060s ]
SQL: SHOW COLUMNS FROM `dbs_coupon_code_data` [ RunTime:0.002511s ]
SQL: SELECT cd.c_id,c.title,c.c_type,c.m_name,c.money_max,c.money_reduce,c.money_amount,c.fetched_amount,m.logo FROM dbs_coupon_code_data AS cd LEFT JOIN dbs_coupon_code AS c ON c.c_id=cd.c_id LEFT JOIN dbs_coupon_code_mall AS m ON m.id=c.m_id WHERE c.is_active=1 AND weekfetched>0 ORDER BY weekfetched DESC, c.expiry DESC LIMIT 10 [ RunTime:0.001283s ]
SQL: SHOW COLUMNS FROM `dbs_coupon_code_codes` [ RunTime:0.002379s ]
SQL: SELECT c_id,fetch_time,user_id,nick FROM (SELECT c_id,fetch_time,user_id,nick FROM dbs_coupon_code_codes WHERE user_id>0 ORDER BY fetch_time DESC) `temp` GROUP BY c_id ORDER BY fetch_time DESC LIMIT 10 [ RunTime:0.001266s ]
NOTIC: [8] Undefined variable: domain D:\AppServ\www\TP-COUPON\Common\common.php 第 103 行.
NOTIC: [8] Undefined variable: vars D:\AppServ\www\TP-COUPON\Common\common.php 第 119 行.
NOTIC: [8] Undefined variable: vars D:\AppServ\www\TP-COUPON\Common\common.php 第 121 行.
NOTIC: [8] Undefined variable: domain D:\AppServ\www\TP-COUPON\Common\common.php 第 186 行.
SQL: SELECT c.*, m.logo FROM dbs_coupon_code AS c LEFT JOIN dbs_coupon_code_mall AS m ON m.id=c.m_id WHERE c.is_active=1 ORDER BY c.c_id DESC,c.expiry DESC LIMIT 10 [ RunTime:0.000216s ]
SQL: SELECT `id`,`name` FROM `dbs_coupon_code_mall` ORDER BY weeksearched DESC LIMIT 20   [ RunTime:0.000140s ]
INFO: Run ParseTemplate Behavior [ RunTime:0.063459s ]
INFO: [ view_parse ] --END-- [ RunTime:0.063547s ]
INFO: [ view_filter ] --START--
INFO: Run ContentReplace Behavior [ RunTime:0.000555s ]
INFO: Run TokenBuild Behavior [ RunTime:0.000542s ]
INFO: Run WriteHtmlCache Behavior [ RunTime:0.000287s ]
INFO: Run ShowRuntime Behavior [ RunTime:0.000555s ]
INFO: [ view_filter ] --END-- [ RunTime:0.002155s ]
INFO: [ view_end ] --START--
INFO: Run ShowPageTrace Behavior [ RunTime:0.000722s ]
INFO: [ view_end ] --END-- [ RunTime:0.000808s ]

[ 2013-02-05T11:43:58+08:00 ] 127.0.0.1 /tp-coupon/index.php
NOTIC: [8] Use of undefined constant MODULE_NAME - assumed 'MODULE_NAME' D:\AppServ\www\TP-COUPON\Conf\Home\config.php 第 48 行.
INFO: [ app_begin ] --START--
INFO: Run ReadHtmlCache Behavior [ RunTime:0.013697s ]
INFO: Run CheckLang Behavior [ RunTime:0.016250s ]
INFO: [ app_begin ] --END-- [ RunTime:0.030174s ]
SQL: SHOW COLUMNS FROM `dbs_coupon_code` [ RunTime:0.024602s ]
SQL: SHOW COLUMNS FROM `dbs_coupon_code_mall` [ RunTime:0.016304s ]
SQL: SELECT COUNT(*) AS c_count FROM dbs_coupon_code AS c LEFT JOIN dbs_coupon_code_mall AS m ON m.id=c.m_id WHERE c.is_active=1 LIMIT 1 [ RunTime:0.001175s ]
SQL: SELECT c.*, m.logo FROM dbs_coupon_code AS c LEFT JOIN dbs_coupon_code_mall AS m ON m.id=c.m_id WHERE c.is_active=1 ORDER BY c.sort_order ASC, c.c_id DESC, c.expiry DESC LIMIT 0,20 [ RunTime:0.000179s ]
NOTIC: [8] Undefined variable: domain D:\AppServ\www\TP-COUPON\Common\common.php 第 103 行.
NOTIC: [8] Undefined variable: vars D:\AppServ\www\TP-COUPON\Common\common.php 第 119 行.
NOTIC: [8] Undefined variable: vars D:\AppServ\www\TP-COUPON\Common\common.php 第 121 行.
NOTIC: [8] Undefined variable: domain D:\AppServ\www\TP-COUPON\Common\common.php 第 186 行.
NOTIC: [8] Undefined index:  N9 D:\AppServ\www\TP-COUPON\Lib\ORG\Page.class.php 第 159 行.
NOTIC: [8] Undefined index:  N10 D:\AppServ\www\TP-COUPON\Lib\ORG\Page.class.php 第 166 行.
NOTIC: [8] Undefined variable: B1 D:\AppServ\www\TP-COUPON\Lib\ORG\Page.class.php 第 209 行.
SQL: SHOW COLUMNS FROM `dbs_friend_link` [ RunTime:0.003441s ]
SQL: SELECT * FROM `dbs_friend_link`  [ RunTime:0.001692s ]
NOTIC: [2] ob_start() [<a href='ref.outcontrol'>ref.outcontrol</a>]: output handler 'ob_gzhandler' cannot be used twice D:\AppServ\www\TP-COUPON\Lib\Action\CommonAction.class.php 第 64 行.
INFO: [ view_template ] --START--
INFO: Run LocationTemplate Behavior [ RunTime:0.032056s ]
INFO: [ view_template ] --END-- [ RunTime:0.032176s ]
INFO: [ view_parse ] --START--
NOTIC: [8] Undefined variable: domain D:\AppServ\www\TP-COUPON\Common\common.php 第 103 行.
NOTIC: [8] Undefined variable: vars D:\AppServ\www\TP-COUPON\Common\common.php 第 119 行.
NOTIC: [8] Undefined variable: vars D:\AppServ\www\TP-COUPON\Common\common.php 第 121 行.
NOTIC: [8] Undefined variable: domain D:\AppServ\www\TP-COUPON\Common\common.php 第 186 行.
SQL: SHOW COLUMNS FROM `dbs_coupon_code_mall` [ RunTime:0.003291s ]
SQL: SELECT `id`,`name` FROM `dbs_coupon_code_mall` ORDER BY weeksearched DESC LIMIT 10   [ RunTime:0.001317s ]
NOTIC: [8] Undefined variable: domain D:\AppServ\www\TP-COUPON\Common\common.php 第 103 行.
NOTIC: [8] Undefined variable: vars D:\AppServ\www\TP-COUPON\Common\common.php 第 119 行.
NOTIC: [8] Undefined variable: vars D:\AppServ\www\TP-COUPON\Common\common.php 第 121 行.
NOTIC: [8] Undefined variable: domain D:\AppServ\www\TP-COUPON\Common\common.php 第 186 行.
NOTIC: [8] Undefined variable: domain D:\AppServ\www\TP-COUPON\Common\common.php 第 103 行.
NOTIC: [8] Undefined variable: vars D:\AppServ\www\TP-COUPON\Common\common.php 第 119 行.
NOTIC: [8] Undefined variable: vars D:\AppServ\www\TP-COUPON\Common\common.php 第 121 行.
NOTIC: [8] Undefined variable: domain D:\AppServ\www\TP-COUPON\Common\common.php 第 186 行.
NOTIC: [8] Undefined variable: domain D:\AppServ\www\TP-COUPON\Common\common.php 第 103 行.
NOTIC: [8] Undefined variable: vars D:\AppServ\www\TP-COUPON\Common\common.php 第 119 行.
NOTIC: [8] Undefined variable: vars D:\AppServ\www\TP-COUPON\Common\common.php 第 121 行.
NOTIC: [8] Undefined variable: domain D:\AppServ\www\TP-COUPON\Common\common.php 第 186 行.
NOTIC: [8] Undefined variable: domain D:\AppServ\www\TP-COUPON\Common\common.php 第 103 行.
NOTIC: [8] Undefined variable: vars D:\AppServ\www\TP-COUPON\Common\common.php 第 119 行.
NOTIC: [8] Undefined variable: vars D:\AppServ\www\TP-COUPON\Common\common.php 第 121 行.
NOTIC: [8] Undefined variable: domain D:\AppServ\www\TP-COUPON\Common\common.php 第 186 行.
NOTIC: [8] Undefined variable: domain D:\AppServ\www\TP-COUPON\Common\common.php 第 103 行.
NOTIC: [8] Undefined variable: vars D:\AppServ\www\TP-COUPON\Common\common.php 第 119 行.
NOTIC: [8] Undefined variable: vars D:\AppServ\www\TP-COUPON\Common\common.php 第 121 行.
NOTIC: [8] Undefined variable: domain D:\AppServ\www\TP-COUPON\Common\common.php 第 186 行.
NOTIC: [8] Undefined variable: domain D:\AppServ\www\TP-COUPON\Common\common.php 第 103 行.
NOTIC: [8] Undefined variable: vars D:\AppServ\www\TP-COUPON\Common\common.php 第 119 行.
NOTIC: [8] Undefined variable: vars D:\AppServ\www\TP-COUPON\Common\common.php 第 121 行.
NOTIC: [8] Undefined variable: domain D:\AppServ\www\TP-COUPON\Common\common.php 第 186 行.
NOTIC: [8] Undefined variable: domain D:\AppServ\www\TP-COUPON\Common\common.php 第 103 行.
NOTIC: [8] Undefined variable: vars D:\AppServ\www\TP-COUPON\Common\common.php 第 119 行.
NOTIC: [8] Undefined variable: vars D:\AppServ\www\TP-COUPON\Common\common.php 第 121 行.
NOTIC: [8] Undefined variable: domain D:\AppServ\www\TP-COUPON\Common\common.php 第 186 行.
NOTIC: [8] Undefined variable: domain D:\AppServ\www\TP-COUPON\Common\common.php 第 103 行.
NOTIC: [8] Undefined variable: vars D:\AppServ\www\TP-COUPON\Common\common.php 第 119 行.
NOTIC: [8] Undefined variable: vars D:\AppServ\www\TP-COUPON\Common\common.php 第 121 行.
NOTIC: [8] Undefined variable: domain D:\AppServ\www\TP-COUPON\Common\common.php 第 186 行.
SQL: SHOW COLUMNS FROM `dbs_coupon_code_category` [ RunTime:0.010711s ]
SQL: SELECT * FROM `dbs_coupon_code_category` ORDER BY sort_order ASC  [ RunTime:0.001491s ]
NOTIC: [2] Invalid argument supplied for foreach() D:\AppServ\www\TP-COUPON\Lib\Service\CouponCodeCategoryService.class.php 第 51 行.
NOTIC: [8] Undefined offset:  0 D:\AppServ\www\TP-COUPON\Lib\ORG\Tree.class.php 第 66 行.
NOTIC: [8] Undefined offset:  0 D:\AppServ\www\TP-COUPON\Lib\ORG\Tree.class.php 第 81 行.
NOTIC: [8] Undefined offset:  0 D:\AppServ\www\TP-COUPON\Lib\ORG\Tree.class.php 第 89 行.
NOTIC: [8] Undefined offset:  0 D:\AppServ\www\TP-COUPON\Lib\ORG\Tree.class.php 第 85 行.
SQL: SHOW COLUMNS FROM `dbs_coupon_mall_rec` [ RunTime:0.010655s ]
SQL: SHOW COLUMNS FROM `dbs_coupon_code_mall` [ RunTime:0.003641s ]
SQL: SELECT dbs_coupon_mall_rec.*,m.name,m.logo FROM `dbs_coupon_mall_rec` LEFT JOIN dbs_coupon_code_mall AS m ON m.id=dbs_coupon_mall_rec.c_id ORDER BY dbs_coupon_mall_rec.sort_order ASC  [ RunTime:0.001785s ]
NOTIC: [2] Invalid argument supplied for foreach() D:\AppServ\www\TP-COUPON\Lib\Service\CouponCodeMallRecsService.class.php 第 42 行.
NOTIC: [8] Undefined variable: domain D:\AppServ\www\TP-COUPON\Common\common.php 第 103 行.
NOTIC: [8] Undefined variable: vars D:\AppServ\www\TP-COUPON\Common\common.php 第 119 行.
NOTIC: [8] Undefined variable: vars D:\AppServ\www\TP-COUPON\Common\common.php 第 121 行.
NOTIC: [8] Undefined variable: domain D:\AppServ\www\TP-COUPON\Common\common.php 第 186 行.
SQL: SHOW COLUMNS FROM `dbs_coupon_code_best` [ RunTime:0.032155s ]
SQL: SHOW COLUMNS FROM `dbs_coupon_code` [ RunTime:0.003940s ]
SQL: SELECT cb.c_id,c.m_id,c.title,c.c_type,c.m_name,c.money_max,c.money_reduce,c.money_amount,m.logo FROM dbs_coupon_code_best AS cb LEFT JOIN dbs_coupon_code AS c ON c.c_id=cb.c_id LEFT JOIN dbs_coupon_code_mall AS m ON m.id=c.m_id WHERE ( cb.expiry>='1359964800' ) ORDER BY cb.sort_order ASC, c.expiry DESC LIMIT 10   [ RunTime:0.001876s ]
SQL: SHOW COLUMNS FROM `dbs_coupon_code_data` [ RunTime:0.003668s ]
SQL: SELECT cd.c_id,c.title,c.c_type,c.m_name,c.money_max,c.money_reduce,c.money_amount,c.fetched_amount,m.logo FROM dbs_coupon_code_data AS cd LEFT JOIN dbs_coupon_code AS c ON c.c_id=cd.c_id LEFT JOIN dbs_coupon_code_mall AS m ON m.id=c.m_id WHERE c.is_active=1 AND weekfetched>0 ORDER BY weekfetched DESC, c.expiry DESC LIMIT 10 [ RunTime:0.001264s ]
SQL: SHOW COLUMNS FROM `dbs_coupon_code_codes` [ RunTime:0.007085s ]
SQL: SELECT c_id,fetch_time,user_id,nick FROM (SELECT c_id,fetch_time,user_id,nick FROM dbs_coupon_code_codes WHERE user_id>0 ORDER BY fetch_time DESC) `temp` GROUP BY c_id ORDER BY fetch_time DESC LIMIT 10 [ RunTime:0.001325s ]
NOTIC: [8] Undefined variable: domain D:\AppServ\www\TP-COUPON\Common\common.php 第 103 行.
NOTIC: [8] Undefined variable: vars D:\AppServ\www\TP-COUPON\Common\common.php 第 119 行.
NOTIC: [8] Undefined variable: vars D:\AppServ\www\TP-COUPON\Common\common.php 第 121 行.
NOTIC: [8] Undefined variable: domain D:\AppServ\www\TP-COUPON\Common\common.php 第 186 行.
SQL: SELECT c.*, m.logo FROM dbs_coupon_code AS c LEFT JOIN dbs_coupon_code_mall AS m ON m.id=c.m_id WHERE c.is_active=1 ORDER BY c.c_id DESC,c.expiry DESC LIMIT 10 [ RunTime:0.000336s ]
SQL: SELECT `id`,`name` FROM `dbs_coupon_code_mall` ORDER BY weeksearched DESC LIMIT 20   [ RunTime:0.000135s ]
INFO: Run ParseTemplate Behavior [ RunTime:0.271572s ]
INFO: [ view_parse ] --END-- [ RunTime:0.271676s ]
INFO: [ view_filter ] --START--
INFO: Run ContentReplace Behavior [ RunTime:0.012312s ]
INFO: Run TokenBuild Behavior [ RunTime:0.009815s ]
INFO: Run WriteHtmlCache Behavior [ RunTime:0.001482s ]
INFO: Run ShowRuntime Behavior [ RunTime:0.010832s ]
INFO: [ view_filter ] --END-- [ RunTime:0.034751s ]
INFO: [ view_end ] --START--
INFO: Run ShowPageTrace Behavior [ RunTime:0.002326s ]
INFO: [ view_end ] --END-- [ RunTime:0.002412s ]

[ 2013-02-05T11:53:10+08:00 ] 127.0.0.1 /tp-coupon/index.php
NOTIC: [8] Use of undefined constant MODULE_NAME - assumed 'MODULE_NAME' D:\AppServ\www\TP-COUPON\Conf\Home\config.php 第 48 行.
INFO: [ app_begin ] --START--
INFO: Run ReadHtmlCache Behavior [ RunTime:0.001177s ]
INFO: Run CheckLang Behavior [ RunTime:0.001505s ]
INFO: [ app_begin ] --END-- [ RunTime:0.002855s ]
SQL: SHOW COLUMNS FROM `dbs_coupon_code` [ RunTime:0.002815s ]
SQL: SHOW COLUMNS FROM `dbs_coupon_code_mall` [ RunTime:0.006495s ]
SQL: SELECT COUNT(*) AS c_count FROM dbs_coupon_code AS c LEFT JOIN dbs_coupon_code_mall AS m ON m.id=c.m_id WHERE c.is_active=1 LIMIT 1 [ RunTime:0.001147s ]
SQL: SELECT c.*, m.logo FROM dbs_coupon_code AS c LEFT JOIN dbs_coupon_code_mall AS m ON m.id=c.m_id WHERE c.is_active=1 ORDER BY c.sort_order ASC, c.c_id DESC, c.expiry DESC LIMIT 0,20 [ RunTime:0.000179s ]
NOTIC: [8] Undefined variable: domain D:\AppServ\www\TP-COUPON\Common\common.php 第 103 行.
NOTIC: [8] Undefined variable: vars D:\AppServ\www\TP-COUPON\Common\common.php 第 119 行.
NOTIC: [8] Undefined variable: vars D:\AppServ\www\TP-COUPON\Common\common.php 第 121 行.
NOTIC: [8] Undefined variable: domain D:\AppServ\www\TP-COUPON\Common\common.php 第 186 行.
NOTIC: [8] Undefined index:  N9 D:\AppServ\www\TP-COUPON\Lib\ORG\Page.class.php 第 159 行.
NOTIC: [8] Undefined index:  N10 D:\AppServ\www\TP-COUPON\Lib\ORG\Page.class.php 第 166 行.
NOTIC: [8] Undefined variable: B1 D:\AppServ\www\TP-COUPON\Lib\ORG\Page.class.php 第 209 行.
SQL: SHOW COLUMNS FROM `dbs_friend_link` [ RunTime:0.002538s ]
SQL: SELECT * FROM `dbs_friend_link`  [ RunTime:0.001120s ]
NOTIC: [2] ob_start() [<a href='ref.outcontrol'>ref.outcontrol</a>]: output handler 'ob_gzhandler' cannot be used twice D:\AppServ\www\TP-COUPON\Lib\Action\CommonAction.class.php 第 64 行.
INFO: [ view_template ] --START--
INFO: Run LocationTemplate Behavior [ RunTime:0.001689s ]
INFO: [ view_template ] --END-- [ RunTime:0.001778s ]
INFO: [ view_parse ] --START--
NOTIC: [8] Undefined variable: domain D:\AppServ\www\TP-COUPON\Common\common.php 第 103 行.
NOTIC: [8] Undefined variable: vars D:\AppServ\www\TP-COUPON\Common\common.php 第 119 行.
NOTIC: [8] Undefined variable: vars D:\AppServ\www\TP-COUPON\Common\common.php 第 121 行.
NOTIC: [8] Undefined variable: domain D:\AppServ\www\TP-COUPON\Common\common.php 第 186 行.
SQL: SHOW COLUMNS FROM `dbs_coupon_code_mall` [ RunTime:0.002936s ]
SQL: SELECT `id`,`name` FROM `dbs_coupon_code_mall` ORDER BY weeksearched DESC LIMIT 10   [ RunTime:0.001483s ]
NOTIC: [8] Undefined variable: domain D:\AppServ\www\TP-COUPON\Common\common.php 第 103 行.
NOTIC: [8] Undefined variable: vars D:\AppServ\www\TP-COUPON\Common\common.php 第 119 行.
NOTIC: [8] Undefined variable: vars D:\AppServ\www\TP-COUPON\Common\common.php 第 121 行.
NOTIC: [8] Undefined variable: domain D:\AppServ\www\TP-COUPON\Common\common.php 第 186 行.
NOTIC: [8] Undefined variable: domain D:\AppServ\www\TP-COUPON\Common\common.php 第 103 行.
NOTIC: [8] Undefined variable: vars D:\AppServ\www\TP-COUPON\Common\common.php 第 119 行.
NOTIC: [8] Undefined variable: vars D:\AppServ\www\TP-COUPON\Common\common.php 第 121 行.
NOTIC: [8] Undefined variable: domain D:\AppServ\www\TP-COUPON\Common\common.php 第 186 行.
NOTIC: [8] Undefined variable: domain D:\AppServ\www\TP-COUPON\Common\common.php 第 103 行.
NOTIC: [8] Undefined variable: vars D:\AppServ\www\TP-COUPON\Common\common.php 第 119 行.
NOTIC: [8] Undefined variable: vars D:\AppServ\www\TP-COUPON\Common\common.php 第 121 行.
NOTIC: [8] Undefined variable: domain D:\AppServ\www\TP-COUPON\Common\common.php 第 186 行.
NOTIC: [8] Undefined variable: domain D:\AppServ\www\TP-COUPON\Common\common.php 第 103 行.
NOTIC: [8] Undefined variable: vars D:\AppServ\www\TP-COUPON\Common\common.php 第 119 行.
NOTIC: [8] Undefined variable: vars D:\AppServ\www\TP-COUPON\Common\common.php 第 121 行.
NOTIC: [8] Undefined variable: domain D:\AppServ\www\TP-COUPON\Common\common.php 第 186 行.
NOTIC: [8] Undefined variable: domain D:\AppServ\www\TP-COUPON\Common\common.php 第 103 行.
NOTIC: [8] Undefined variable: vars D:\AppServ\www\TP-COUPON\Common\common.php 第 119 行.
NOTIC: [8] Undefined variable: vars D:\AppServ\www\TP-COUPON\Common\common.php 第 121 行.
NOTIC: [8] Undefined variable: domain D:\AppServ\www\TP-COUPON\Common\common.php 第 186 行.
NOTIC: [8] Undefined variable: domain D:\AppServ\www\TP-COUPON\Common\common.php 第 103 行.
NOTIC: [8] Undefined variable: vars D:\AppServ\www\TP-COUPON\Common\common.php 第 119 行.
NOTIC: [8] Undefined variable: vars D:\AppServ\www\TP-COUPON\Common\common.php 第 121 行.
NOTIC: [8] Undefined variable: domain D:\AppServ\www\TP-COUPON\Common\common.php 第 186 行.
NOTIC: [8] Undefined variable: domain D:\AppServ\www\TP-COUPON\Common\common.php 第 103 行.
NOTIC: [8] Undefined variable: vars D:\AppServ\www\TP-COUPON\Common\common.php 第 119 行.
NOTIC: [8] Undefined variable: vars D:\AppServ\www\TP-COUPON\Common\common.php 第 121 行.
NOTIC: [8] Undefined variable: domain D:\AppServ\www\TP-COUPON\Common\common.php 第 186 行.
NOTIC: [8] Undefined variable: domain D:\AppServ\www\TP-COUPON\Common\common.php 第 103 行.
NOTIC: [8] Undefined variable: vars D:\AppServ\www\TP-COUPON\Common\common.php 第 119 行.
NOTIC: [8] Undefined variable: vars D:\AppServ\www\TP-COUPON\Common\common.php 第 121 行.
NOTIC: [8] Undefined variable: domain D:\AppServ\www\TP-COUPON\Common\common.php 第 186 行.
SQL: SHOW COLUMNS FROM `dbs_coupon_code_category` [ RunTime:0.002394s ]
SQL: SELECT * FROM `dbs_coupon_code_category` ORDER BY sort_order ASC  [ RunTime:0.001728s ]
NOTIC: [2] Invalid argument supplied for foreach() D:\AppServ\www\TP-COUPON\Lib\Service\CouponCodeCategoryService.class.php 第 51 行.
NOTIC: [8] Undefined offset:  0 D:\AppServ\www\TP-COUPON\Lib\ORG\Tree.class.php 第 66 行.
NOTIC: [8] Undefined offset:  0 D:\AppServ\www\TP-COUPON\Lib\ORG\Tree.class.php 第 81 行.
NOTIC: [8] Undefined offset:  0 D:\AppServ\www\TP-COUPON\Lib\ORG\Tree.class.php 第 89 行.
NOTIC: [8] Undefined offset:  0 D:\AppServ\www\TP-COUPON\Lib\ORG\Tree.class.php 第 85 行.
SQL: SHOW COLUMNS FROM `dbs_coupon_mall_rec` [ RunTime:0.002306s ]
SQL: SHOW COLUMNS FROM `dbs_coupon_code_mall` [ RunTime:0.003784s ]
SQL: SELECT dbs_coupon_mall_rec.*,m.name,m.logo FROM `dbs_coupon_mall_rec` LEFT JOIN dbs_coupon_code_mall AS m ON m.id=dbs_coupon_mall_rec.c_id ORDER BY dbs_coupon_mall_rec.sort_order ASC  [ RunTime:0.001045s ]
NOTIC: [2] Invalid argument supplied for foreach() D:\AppServ\www\TP-COUPON\Lib\Service\CouponCodeMallRecsService.class.php 第 42 行.
NOTIC: [8] Undefined variable: domain D:\AppServ\www\TP-COUPON\Common\common.php 第 103 行.
NOTIC: [8] Undefined variable: vars D:\AppServ\www\TP-COUPON\Common\common.php 第 119 行.
NOTIC: [8] Undefined variable: vars D:\AppServ\www\TP-COUPON\Common\common.php 第 121 行.
NOTIC: [8] Undefined variable: domain D:\AppServ\www\TP-COUPON\Common\common.php 第 186 行.
SQL: SHOW COLUMNS FROM `dbs_coupon_code_best` [ RunTime:0.002603s ]
SQL: SHOW COLUMNS FROM `dbs_coupon_code` [ RunTime:0.003457s ]
SQL: SELECT cb.c_id,c.m_id,c.title,c.c_type,c.m_name,c.money_max,c.money_reduce,c.money_amount,m.logo FROM dbs_coupon_code_best AS cb LEFT JOIN dbs_coupon_code AS c ON c.c_id=cb.c_id LEFT JOIN dbs_coupon_code_mall AS m ON m.id=c.m_id WHERE ( cb.expiry>='1359964800' ) ORDER BY cb.sort_order ASC, c.expiry DESC LIMIT 10   [ RunTime:0.001285s ]
SQL: SHOW COLUMNS FROM `dbs_coupon_code_data` [ RunTime:0.002734s ]
SQL: SELECT cd.c_id,c.title,c.c_type,c.m_name,c.money_max,c.money_reduce,c.money_amount,c.fetched_amount,m.logo FROM dbs_coupon_code_data AS cd LEFT JOIN dbs_coupon_code AS c ON c.c_id=cd.c_id LEFT JOIN dbs_coupon_code_mall AS m ON m.id=c.m_id WHERE c.is_active=1 AND weekfetched>0 ORDER BY weekfetched DESC, c.expiry DESC LIMIT 10 [ RunTime:0.001178s ]
SQL: SHOW COLUMNS FROM `dbs_coupon_code_codes` [ RunTime:0.002336s ]
SQL: SELECT c_id,fetch_time,user_id,nick FROM (SELECT c_id,fetch_time,user_id,nick FROM dbs_coupon_code_codes WHERE user_id>0 ORDER BY fetch_time DESC) `temp` GROUP BY c_id ORDER BY fetch_time DESC LIMIT 10 [ RunTime:0.001951s ]
NOTIC: [8] Undefined variable: domain D:\AppServ\www\TP-COUPON\Common\common.php 第 103 行.
NOTIC: [8] Undefined variable: vars D:\AppServ\www\TP-COUPON\Common\common.php 第 119 行.
NOTIC: [8] Undefined variable: vars D:\AppServ\www\TP-COUPON\Common\common.php 第 121 行.
NOTIC: [8] Undefined variable: domain D:\AppServ\www\TP-COUPON\Common\common.php 第 186 行.
SQL: SELECT c.*, m.logo FROM dbs_coupon_code AS c LEFT JOIN dbs_coupon_code_mall AS m ON m.id=c.m_id WHERE c.is_active=1 ORDER BY c.c_id DESC,c.expiry DESC LIMIT 10 [ RunTime:0.000230s ]
SQL: SELECT `id`,`name` FROM `dbs_coupon_code_mall` ORDER BY weeksearched DESC LIMIT 20   [ RunTime:0.000137s ]
INFO: Run ParseTemplate Behavior [ RunTime:0.065952s ]
INFO: [ view_parse ] --END-- [ RunTime:0.066066s ]
INFO: [ view_filter ] --START--
INFO: Run ContentReplace Behavior [ RunTime:0.001162s ]
INFO: Run TokenBuild Behavior [ RunTime:0.001094s ]
INFO: Run WriteHtmlCache Behavior [ RunTime:0.000821s ]
INFO: Run ShowRuntime Behavior [ RunTime:0.001083s ]
INFO: [ view_filter ] --END-- [ RunTime:0.004383s ]
INFO: [ view_end ] --START--
INFO: Run ShowPageTrace Behavior [ RunTime:0.001853s ]
INFO: [ view_end ] --END-- [ RunTime:0.001940s ]

[ 2013-02-05T13:56:39+08:00 ] 127.0.0.1 /tp-coupon/index.php
NOTIC: [8] Use of undefined constant MODULE_NAME - assumed 'MODULE_NAME' D:\AppServ\www\TP-COUPON\Conf\Home\config.php 第 48 行.
INFO: [ app_begin ] --START--
INFO: Run ReadHtmlCache Behavior [ RunTime:0.051885s ]
INFO: Run CheckLang Behavior [ RunTime:0.097415s ]
INFO: [ app_begin ] --END-- [ RunTime:0.149515s ]
SQL: SHOW COLUMNS FROM `dbs_coupon_code` [ RunTime:0.180434s ]
SQL: SHOW COLUMNS FROM `dbs_coupon_code_mall` [ RunTime:0.086845s ]
SQL: SELECT COUNT(*) AS c_count FROM dbs_coupon_code AS c LEFT JOIN dbs_coupon_code_mall AS m ON m.id=c.m_id WHERE c.is_active=1 LIMIT 1 [ RunTime:0.001164s ]
SQL: SELECT c.*, m.logo FROM dbs_coupon_code AS c LEFT JOIN dbs_coupon_code_mall AS m ON m.id=c.m_id WHERE c.is_active=1 ORDER BY c.sort_order ASC, c.c_id DESC, c.expiry DESC LIMIT 0,20 [ RunTime:0.000192s ]
NOTIC: [8] Undefined variable: domain D:\AppServ\www\TP-COUPON\Common\common.php 第 103 行.
NOTIC: [8] Undefined variable: vars D:\AppServ\www\TP-COUPON\Common\common.php 第 119 行.
NOTIC: [8] Undefined variable: vars D:\AppServ\www\TP-COUPON\Common\common.php 第 121 行.
NOTIC: [8] Undefined variable: domain D:\AppServ\www\TP-COUPON\Common\common.php 第 186 行.
NOTIC: [8] Undefined index:  N9 D:\AppServ\www\TP-COUPON\Lib\ORG\Page.class.php 第 159 行.
NOTIC: [8] Undefined index:  N10 D:\AppServ\www\TP-COUPON\Lib\ORG\Page.class.php 第 166 行.
NOTIC: [8] Undefined variable: B1 D:\AppServ\www\TP-COUPON\Lib\ORG\Page.class.php 第 209 行.
SQL: SHOW COLUMNS FROM `dbs_friend_link` [ RunTime:0.082280s ]
SQL: SELECT * FROM `dbs_friend_link`  [ RunTime:0.002797s ]
NOTIC: [2] ob_start() [<a href='ref.outcontrol'>ref.outcontrol</a>]: output handler 'ob_gzhandler' cannot be used twice D:\AppServ\www\TP-COUPON\Lib\Action\CommonAction.class.php 第 64 行.
INFO: [ view_template ] --START--
INFO: Run LocationTemplate Behavior [ RunTime:0.014693s ]
INFO: [ view_template ] --END-- [ RunTime:0.014822s ]
INFO: [ view_parse ] --START--
NOTIC: [8] Undefined variable: domain D:\AppServ\www\TP-COUPON\Common\common.php 第 103 行.
NOTIC: [8] Undefined variable: vars D:\AppServ\www\TP-COUPON\Common\common.php 第 119 行.
NOTIC: [8] Undefined variable: vars D:\AppServ\www\TP-COUPON\Common\common.php 第 121 行.
NOTIC: [8] Undefined variable: domain D:\AppServ\www\TP-COUPON\Common\common.php 第 186 行.
SQL: SHOW COLUMNS FROM `dbs_coupon_code_mall` [ RunTime:0.003028s ]
SQL: SELECT `id`,`name` FROM `dbs_coupon_code_mall` ORDER BY weeksearched DESC LIMIT 10   [ RunTime:0.001060s ]
NOTIC: [8] Undefined variable: domain D:\AppServ\www\TP-COUPON\Common\common.php 第 103 行.
NOTIC: [8] Undefined variable: vars D:\AppServ\www\TP-COUPON\Common\common.php 第 119 行.
NOTIC: [8] Undefined variable: vars D:\AppServ\www\TP-COUPON\Common\common.php 第 121 行.
NOTIC: [8] Undefined variable: domain D:\AppServ\www\TP-COUPON\Common\common.php 第 186 行.
NOTIC: [8] Undefined variable: domain D:\AppServ\www\TP-COUPON\Common\common.php 第 103 行.
NOTIC: [8] Undefined variable: vars D:\AppServ\www\TP-COUPON\Common\common.php 第 119 行.
NOTIC: [8] Undefined variable: vars D:\AppServ\www\TP-COUPON\Common\common.php 第 121 行.
NOTIC: [8] Undefined variable: domain D:\AppServ\www\TP-COUPON\Common\common.php 第 186 行.
NOTIC: [8] Undefined variable: domain D:\AppServ\www\TP-COUPON\Common\common.php 第 103 行.
NOTIC: [8] Undefined variable: vars D:\AppServ\www\TP-COUPON\Common\common.php 第 119 行.
NOTIC: [8] Undefined variable: vars D:\AppServ\www\TP-COUPON\Common\common.php 第 121 行.
NOTIC: [8] Undefined variable: domain D:\AppServ\www\TP-COUPON\Common\common.php 第 186 行.
NOTIC: [8] Undefined variable: domain D:\AppServ\www\TP-COUPON\Common\common.php 第 103 行.
NOTIC: [8] Undefined variable: vars D:\AppServ\www\TP-COUPON\Common\common.php 第 119 行.
NOTIC: [8] Undefined variable: vars D:\AppServ\www\TP-COUPON\Common\common.php 第 121 行.
NOTIC: [8] Undefined variable: domain D:\AppServ\www\TP-COUPON\Common\common.php 第 186 行.
NOTIC: [8] Undefined variable: domain D:\AppServ\www\TP-COUPON\Common\common.php 第 103 行.
NOTIC: [8] Undefined variable: vars D:\AppServ\www\TP-COUPON\Common\common.php 第 119 行.
NOTIC: [8] Undefined variable: vars D:\AppServ\www\TP-COUPON\Common\common.php 第 121 行.
NOTIC: [8] Undefined variable: domain D:\AppServ\www\TP-COUPON\Common\common.php 第 186 行.
NOTIC: [8] Undefined variable: domain D:\AppServ\www\TP-COUPON\Common\common.php 第 103 行.
NOTIC: [8] Undefined variable: vars D:\AppServ\www\TP-COUPON\Common\common.php 第 119 行.
NOTIC: [8] Undefined variable: vars D:\AppServ\www\TP-COUPON\Common\common.php 第 121 行.
NOTIC: [8] Undefined variable: domain D:\AppServ\www\TP-COUPON\Common\common.php 第 186 行.
NOTIC: [8] Undefined variable: domain D:\AppServ\www\TP-COUPON\Common\common.php 第 103 行.
NOTIC: [8] Undefined variable: vars D:\AppServ\www\TP-COUPON\Common\common.php 第 119 行.
NOTIC: [8] Undefined variable: vars D:\AppServ\www\TP-COUPON\Common\common.php 第 121 行.
NOTIC: [8] Undefined variable: domain D:\AppServ\www\TP-COUPON\Common\common.php 第 186 行.
NOTIC: [8] Undefined variable: domain D:\AppServ\www\TP-COUPON\Common\common.php 第 103 行.
NOTIC: [8] Undefined variable: vars D:\AppServ\www\TP-COUPON\Common\common.php 第 119 行.
NOTIC: [8] Undefined variable: vars D:\AppServ\www\TP-COUPON\Common\common.php 第 121 行.
NOTIC: [8] Undefined variable: domain D:\AppServ\www\TP-COUPON\Common\common.php 第 186 行.
SQL: SHOW COLUMNS FROM `dbs_coupon_code_category` [ RunTime:0.093666s ]
SQL: SELECT * FROM `dbs_coupon_code_category` ORDER BY sort_order ASC  [ RunTime:0.001078s ]
NOTIC: [2] Invalid argument supplied for foreach() D:\AppServ\www\TP-COUPON\Lib\Service\CouponCodeCategoryService.class.php 第 51 行.
NOTIC: [8] Undefined offset:  0 D:\AppServ\www\TP-COUPON\Lib\ORG\Tree.class.php 第 66 行.
NOTIC: [8] Undefined offset:  0 D:\AppServ\www\TP-COUPON\Lib\ORG\Tree.class.php 第 81 行.
NOTIC: [8] Undefined offset:  0 D:\AppServ\www\TP-COUPON\Lib\ORG\Tree.class.php 第 89 行.
NOTIC: [8] Undefined offset:  0 D:\AppServ\www\TP-COUPON\Lib\ORG\Tree.class.php 第 85 行.
SQL: SHOW COLUMNS FROM `dbs_coupon_mall_rec` [ RunTime:0.044016s ]
SQL: SHOW COLUMNS FROM `dbs_coupon_code_mall` [ RunTime:0.003642s ]
SQL: SELECT dbs_coupon_mall_rec.*,m.name,m.logo FROM `dbs_coupon_mall_rec` LEFT JOIN dbs_coupon_code_mall AS m ON m.id=dbs_coupon_mall_rec.c_id ORDER BY dbs_coupon_mall_rec.sort_order ASC  [ RunTime:0.000974s ]
NOTIC: [2] Invalid argument supplied for foreach() D:\AppServ\www\TP-COUPON\Lib\Service\CouponCodeMallRecsService.class.php 第 42 行.
NOTIC: [8] Undefined variable: domain D:\AppServ\www\TP-COUPON\Common\common.php 第 103 行.
NOTIC: [8] Undefined variable: vars D:\AppServ\www\TP-COUPON\Common\common.php 第 119 行.
NOTIC: [8] Undefined variable: vars D:\AppServ\www\TP-COUPON\Common\common.php 第 121 行.
NOTIC: [8] Undefined variable: domain D:\AppServ\www\TP-COUPON\Common\common.php 第 186 行.
SQL: SHOW COLUMNS FROM `dbs_coupon_code_best` [ RunTime:0.099215s ]
SQL: SHOW COLUMNS FROM `dbs_coupon_code` [ RunTime:0.003645s ]
SQL: SELECT cb.c_id,c.m_id,c.title,c.c_type,c.m_name,c.money_max,c.money_reduce,c.money_amount,m.logo FROM dbs_coupon_code_best AS cb LEFT JOIN dbs_coupon_code AS c ON c.c_id=cb.c_id LEFT JOIN dbs_coupon_code_mall AS m ON m.id=c.m_id WHERE ( cb.expiry>='1359964800' ) ORDER BY cb.sort_order ASC, c.expiry DESC LIMIT 10   [ RunTime:0.001027s ]
SQL: SHOW COLUMNS FROM `dbs_coupon_code_data` [ RunTime:0.011374s ]
SQL: SELECT cd.c_id,c.title,c.c_type,c.m_name,c.money_max,c.money_reduce,c.money_amount,c.fetched_amount,m.logo FROM dbs_coupon_code_data AS cd LEFT JOIN dbs_coupon_code AS c ON c.c_id=cd.c_id LEFT JOIN dbs_coupon_code_mall AS m ON m.id=c.m_id WHERE c.is_active=1 AND weekfetched>0 ORDER BY weekfetched DESC, c.expiry DESC LIMIT 10 [ RunTime:0.001430s ]
SQL: SHOW COLUMNS FROM `dbs_coupon_code_codes` [ RunTime:0.055206s ]
SQL: SELECT c_id,fetch_time,user_id,nick FROM (SELECT c_id,fetch_time,user_id,nick FROM dbs_coupon_code_codes WHERE user_id>0 ORDER BY fetch_time DESC) `temp` GROUP BY c_id ORDER BY fetch_time DESC LIMIT 10 [ RunTime:0.001324s ]
NOTIC: [8] Undefined variable: domain D:\AppServ\www\TP-COUPON\Common\common.php 第 103 行.
NOTIC: [8] Undefined variable: vars D:\AppServ\www\TP-COUPON\Common\common.php 第 119 行.
NOTIC: [8] Undefined variable: vars D:\AppServ\www\TP-COUPON\Common\common.php 第 121 行.
NOTIC: [8] Undefined variable: domain D:\AppServ\www\TP-COUPON\Common\common.php 第 186 行.
SQL: SELECT c.*, m.logo FROM dbs_coupon_code AS c LEFT JOIN dbs_coupon_code_mall AS m ON m.id=c.m_id WHERE c.is_active=1 ORDER BY c.c_id DESC,c.expiry DESC LIMIT 10 [ RunTime:0.000229s ]
SQL: SELECT `id`,`name` FROM `dbs_coupon_code_mall` ORDER BY weeksearched DESC LIMIT 20   [ RunTime:0.000137s ]
INFO: Run ParseTemplate Behavior [ RunTime:0.695381s ]
INFO: [ view_parse ] --END-- [ RunTime:0.695498s ]
INFO: [ view_filter ] --START--
INFO: Run ContentReplace Behavior [ RunTime:0.012274s ]
INFO: Run TokenBuild Behavior [ RunTime:0.009617s ]
INFO: Run WriteHtmlCache Behavior [ RunTime:0.008197s ]
INFO: Run ShowRuntime Behavior [ RunTime:0.012199s ]
INFO: [ view_filter ] --END-- [ RunTime:0.043010s ]
INFO: [ view_end ] --START--
INFO: Run ShowPageTrace Behavior [ RunTime:0.012519s ]
INFO: [ view_end ] --END-- [ RunTime:0.012622s ]

[ 2013-02-05T14:03:46+08:00 ] 127.0.0.1 /tp-coupon/index.php?a=latest&m=code
NOTIC: [8] Use of undefined constant MODULE_NAME - assumed 'MODULE_NAME' D:\AppServ\www\TP-COUPON\Conf\Home\config.php 第 48 行.
INFO: [ app_begin ] --START--
INFO: Run ReadHtmlCache Behavior [ RunTime:0.001614s ]
INFO: Run CheckLang Behavior [ RunTime:0.001283s ]
INFO: [ app_begin ] --END-- [ RunTime:0.003060s ]
SQL: SHOW COLUMNS FROM `dbs_coupon_code_category` [ RunTime:0.003215s ]
SQL: SELECT * FROM `dbs_coupon_code_category` ORDER BY sort_order ASC  [ RunTime:0.001538s ]
NOTIC: [2] Invalid argument supplied for foreach() D:\AppServ\www\TP-COUPON\Lib\Service\CouponCodeCategoryService.class.php 第 51 行.
NOTIC: [8] Undefined offset:  0 D:\AppServ\www\TP-COUPON\Lib\ORG\Tree.class.php 第 66 行.
NOTIC: [8] Undefined offset:  0 D:\AppServ\www\TP-COUPON\Lib\ORG\Tree.class.php 第 81 行.
NOTIC: [8] Undefined offset:  0 D:\AppServ\www\TP-COUPON\Lib\ORG\Tree.class.php 第 89 行.
NOTIC: [8] Undefined offset:  0 D:\AppServ\www\TP-COUPON\Lib\ORG\Tree.class.php 第 85 行.
NOTIC: [8] Undefined offset:  0 D:\AppServ\www\TP-COUPON\Lib\Action\Home\CodeAction.class.php 第 30 行.
NOTIC: [8] Undefined offset:  0 D:\AppServ\www\TP-COUPON\Lib\Action\Home\CodeAction.class.php 第 37 行.
SQL: SHOW COLUMNS FROM `dbs_coupon_code` [ RunTime:0.003436s ]
SQL: SHOW COLUMNS FROM `dbs_coupon_code_mall` [ RunTime:0.005210s ]
SQL: SELECT COUNT(*) AS c_count FROM dbs_coupon_code AS c LEFT JOIN dbs_coupon_code_mall AS m ON m.id=c.m_id WHERE c.is_active=1 LIMIT 1 [ RunTime:0.001132s ]
SQL: SELECT c.*, m.logo FROM dbs_coupon_code AS c LEFT JOIN dbs_coupon_code_mall AS m ON m.id=c.m_id WHERE c.is_active=1 ORDER BY c.sort_order ASC, c.c_id DESC, c.expiry DESC LIMIT 0,20 [ RunTime:0.000176s ]
NOTIC: [8] Undefined variable: domain D:\AppServ\www\TP-COUPON\Common\common.php 第 103 行.
NOTIC: [8] Undefined variable: vars D:\AppServ\www\TP-COUPON\Common\common.php 第 119 行.
NOTIC: [8] Undefined variable: vars D:\AppServ\www\TP-COUPON\Common\common.php 第 121 行.
NOTIC: [8] Undefined variable: domain D:\AppServ\www\TP-COUPON\Common\common.php 第 186 行.
NOTIC: [8] Undefined index:  N9 D:\AppServ\www\TP-COUPON\Lib\ORG\Page.class.php 第 159 行.
NOTIC: [8] Undefined index:  N10 D:\AppServ\www\TP-COUPON\Lib\ORG\Page.class.php 第 166 行.
NOTIC: [8] Undefined variable: B1 D:\AppServ\www\TP-COUPON\Lib\ORG\Page.class.php 第 209 行.
NOTIC: [2] ob_start() [<a href='ref.outcontrol'>ref.outcontrol</a>]: output handler 'ob_gzhandler' cannot be used twice D:\AppServ\www\TP-COUPON\Lib\Action\CommonAction.class.php 第 64 行.
INFO: [ view_template ] --START--
INFO: Run LocationTemplate Behavior [ RunTime:0.029486s ]
INFO: [ view_template ] --END-- [ RunTime:0.029604s ]
INFO: [ view_parse ] --START--
NOTIC: [8] Undefined variable: domain D:\AppServ\www\TP-COUPON\Common\common.php 第 103 行.
NOTIC: [8] Undefined variable: vars D:\AppServ\www\TP-COUPON\Common\common.php 第 119 行.
NOTIC: [8] Undefined variable: vars D:\AppServ\www\TP-COUPON\Common\common.php 第 121 行.
NOTIC: [8] Undefined variable: domain D:\AppServ\www\TP-COUPON\Common\common.php 第 186 行.
SQL: SHOW COLUMNS FROM `dbs_coupon_code_mall` [ RunTime:0.002997s ]
SQL: SELECT `id`,`name` FROM `dbs_coupon_code_mall` ORDER BY weeksearched DESC LIMIT 10   [ RunTime:0.001207s ]
NOTIC: [8] Undefined variable: domain D:\AppServ\www\TP-COUPON\Common\common.php 第 103 行.
NOTIC: [8] Undefined variable: vars D:\AppServ\www\TP-COUPON\Common\common.php 第 119 行.
NOTIC: [8] Undefined variable: vars D:\AppServ\www\TP-COUPON\Common\common.php 第 121 行.
NOTIC: [8] Undefined variable: domain D:\AppServ\www\TP-COUPON\Common\common.php 第 186 行.
NOTIC: [8] Undefined variable: domain D:\AppServ\www\TP-COUPON\Common\common.php 第 103 行.
NOTIC: [8] Undefined variable: vars D:\AppServ\www\TP-COUPON\Common\common.php 第 119 行.
NOTIC: [8] Undefined variable: vars D:\AppServ\www\TP-COUPON\Common\common.php 第 121 行.
NOTIC: [8] Undefined variable: domain D:\AppServ\www\TP-COUPON\Common\common.php 第 186 行.
NOTIC: [8] Undefined variable: domain D:\AppServ\www\TP-COUPON\Common\common.php 第 103 行.
NOTIC: [8] Undefined variable: vars D:\AppServ\www\TP-COUPON\Common\common.php 第 119 行.
NOTIC: [8] Undefined variable: vars D:\AppServ\www\TP-COUPON\Common\common.php 第 121 行.
NOTIC: [8] Undefined variable: domain D:\AppServ\www\TP-COUPON\Common\common.php 第 186 行.
NOTIC: [8] Undefined variable: domain D:\AppServ\www\TP-COUPON\Common\common.php 第 103 行.
NOTIC: [8] Undefined variable: vars D:\AppServ\www\TP-COUPON\Common\common.php 第 119 行.
NOTIC: [8] Undefined variable: vars D:\AppServ\www\TP-COUPON\Common\common.php 第 121 行.
NOTIC: [8] Undefined variable: domain D:\AppServ\www\TP-COUPON\Common\common.php 第 186 行.
NOTIC: [8] Undefined variable: domain D:\AppServ\www\TP-COUPON\Common\common.php 第 103 行.
NOTIC: [8] Undefined variable: vars D:\AppServ\www\TP-COUPON\Common\common.php 第 119 行.
NOTIC: [8] Undefined variable: vars D:\AppServ\www\TP-COUPON\Common\common.php 第 121 行.
NOTIC: [8] Undefined variable: domain D:\AppServ\www\TP-COUPON\Common\common.php 第 186 行.
NOTIC: [8] Undefined variable: domain D:\AppServ\www\TP-COUPON\Common\common.php 第 103 行.
NOTIC: [8] Undefined variable: vars D:\AppServ\www\TP-COUPON\Common\common.php 第 119 行.
NOTIC: [8] Undefined variable: vars D:\AppServ\www\TP-COUPON\Common\common.php 第 121 行.
NOTIC: [8] Undefined variable: domain D:\AppServ\www\TP-COUPON\Common\common.php 第 186 行.
NOTIC: [8] Undefined variable: domain D:\AppServ\www\TP-COUPON\Common\common.php 第 103 行.
NOTIC: [8] Undefined variable: vars D:\AppServ\www\TP-COUPON\Common\common.php 第 119 行.
NOTIC: [8] Undefined variable: vars D:\AppServ\www\TP-COUPON\Common\common.php 第 121 行.
NOTIC: [8] Undefined variable: domain D:\AppServ\www\TP-COUPON\Common\common.php 第 186 行.
NOTIC: [8] Undefined variable: domain D:\AppServ\www\TP-COUPON\Common\common.php 第 103 行.
NOTIC: [8] Undefined variable: vars D:\AppServ\www\TP-COUPON\Common\common.php 第 119 行.
NOTIC: [8] Undefined variable: vars D:\AppServ\www\TP-COUPON\Common\common.php 第 121 行.
NOTIC: [8] Undefined variable: domain D:\AppServ\www\TP-COUPON\Common\common.php 第 186 行.
NOTIC: [8] Undefined variable: domain D:\AppServ\www\TP-COUPON\Common\common.php 第 103 行.
NOTIC: [8] Undefined variable: vars D:\AppServ\www\TP-COUPON\Common\common.php 第 119 行.
NOTIC: [8] Undefined variable: vars D:\AppServ\www\TP-COUPON\Common\common.php 第 121 行.
NOTIC: [8] Undefined variable: domain D:\AppServ\www\TP-COUPON\Common\common.php 第 186 行.
NOTIC: [8] Undefined variable: domain D:\AppServ\www\TP-COUPON\Common\common.php 第 103 行.
NOTIC: [8] Undefined variable: vars D:\AppServ\www\TP-COUPON\Common\common.php 第 119 行.
NOTIC: [8] Undefined variable: vars D:\AppServ\www\TP-COUPON\Common\common.php 第 121 行.
NOTIC: [8] Undefined variable: domain D:\AppServ\www\TP-COUPON\Common\common.php 第 186 行.
NOTIC: [8] Undefined variable: domain D:\AppServ\www\TP-COUPON\Common\common.php 第 103 行.
NOTIC: [8] Undefined variable: vars D:\AppServ\www\TP-COUPON\Common\common.php 第 119 行.
NOTIC: [8] Undefined variable: vars D:\AppServ\www\TP-COUPON\Common\common.php 第 121 行.
NOTIC: [8] Undefined variable: domain D:\AppServ\www\TP-COUPON\Common\common.php 第 186 行.
NOTIC: [8] Undefined variable: domain D:\AppServ\www\TP-COUPON\Common\common.php 第 103 行.
NOTIC: [8] Undefined variable: vars D:\AppServ\www\TP-COUPON\Common\common.php 第 119 行.
NOTIC: [8] Undefined variable: vars D:\AppServ\www\TP-COUPON\Common\common.php 第 121 行.
NOTIC: [8] Undefined variable: domain D:\AppServ\www\TP-COUPON\Common\common.php 第 186 行.
NOTIC: [8] Undefined variable: domain D:\AppServ\www\TP-COUPON\Common\common.php 第 103 行.
NOTIC: [8] Undefined variable: vars D:\AppServ\www\TP-COUPON\Common\common.php 第 119 行.
NOTIC: [8] Undefined variable: vars D:\AppServ\www\TP-COUPON\Common\common.php 第 121 行.
NOTIC: [8] Undefined variable: domain D:\AppServ\www\TP-COUPON\Common\common.php 第 186 行.
NOTIC: [8] Undefined variable: domain D:\AppServ\www\TP-COUPON\Common\common.php 第 103 行.
NOTIC: [8] Undefined variable: vars D:\AppServ\www\TP-COUPON\Common\common.php 第 119 行.
NOTIC: [8] Undefined variable: vars D:\AppServ\www\TP-COUPON\Common\common.php 第 121 行.
NOTIC: [8] Undefined variable: domain D:\AppServ\www\TP-COUPON\Common\common.php 第 186 行.
SQL: SHOW COLUMNS FROM `dbs_coupon_code_data` [ RunTime:0.020553s ]
SQL: SHOW COLUMNS FROM `dbs_coupon_code` [ RunTime:0.003664s ]
SQL: SELECT cd.c_id,c.title,c.c_type,c.m_name,c.money_max,c.money_reduce,c.money_amount,c.fetched_amount,m.logo FROM dbs_coupon_code_data AS cd LEFT JOIN dbs_coupon_code AS c ON c.c_id=cd.c_id LEFT JOIN dbs_coupon_code_mall AS m ON m.id=c.m_id WHERE c.is_active=1 AND weekfetched>0 ORDER BY weekfetched DESC, c.expiry DESC LIMIT 10 [ RunTime:0.001170s ]
SQL: SELECT c.*, m.logo FROM dbs_coupon_code AS c LEFT JOIN dbs_coupon_code_mall AS m ON m.id=c.m_id WHERE c.is_active=1 ORDER BY c.c_id DESC,c.expiry DESC LIMIT 10 [ RunTime:0.000266s ]
SQL: SHOW COLUMNS FROM `dbs_coupon_code_codes` [ RunTime:0.006213s ]
SQL: SELECT c_id,fetch_time,user_id,nick FROM (SELECT c_id,fetch_time,user_id,nick FROM dbs_coupon_code_codes WHERE user_id>0 ORDER BY fetch_time DESC) `temp` GROUP BY c_id ORDER BY fetch_time DESC LIMIT 10 [ RunTime:0.001453s ]
SQL: SELECT `id`,`name` FROM `dbs_coupon_code_mall` ORDER BY weeksearched DESC LIMIT 20   [ RunTime:0.000160s ]
INFO: Run ParseTemplate Behavior [ RunTime:0.074026s ]
INFO: [ view_parse ] --END-- [ RunTime:0.074122s ]
INFO: [ view_filter ] --START--
INFO: Run ContentReplace Behavior [ RunTime:0.001592s ]
INFO: Run TokenBuild Behavior [ RunTime:0.001073s ]
INFO: Run WriteHtmlCache Behavior [ RunTime:0.000825s ]
INFO: Run ShowRuntime Behavior [ RunTime:0.001295s ]
INFO: [ view_filter ] --END-- [ RunTime:0.005028s ]
INFO: [ view_end ] --START--
INFO: Run ShowPageTrace Behavior [ RunTime:0.001618s ]
INFO: [ view_end ] --END-- [ RunTime:0.001713s ]

